<?xml version="1.0" encoding="UTF-8"?>
<testsuite xmlns:xsi="http://www.w3.org/2001/XMLSchema-instance" xsi:noNamespaceSchemaLocation="https://maven.apache.org/surefire/maven-surefire-plugin/xsd/surefire-test-report.xsd" name="Controller.AluguelDAOTest" time="1.474" tests="16" errors="16" skipped="0" failures="0">
  <properties>
[...]
</properties>
  <testcase name="DevolucaoRetornaParaLista" classname="Controller.AluguelDAOTest" time="0.803">
    <error message="Cannot invoke &quot;java.sql.Connection.prepareStatement(String, int, int)&quot; because &quot;this.connection&quot; is null" type="java.lang.NullPointerException">java.lang.NullPointerException: Cannot invoke "java.sql.Connection.prepareStatement(String, int, int)" because "this.connection" is null
	at Controller.AluguelDAOTest.setCaminhosAluguel(AluguelDAOTest.java:66)
	at Controller.AluguelDAOTest.DevolucaoRetornaParaLista(AluguelDAOTest.java:549)
</error>
    <system-out><![CDATA[Falha na conexao, comando sql = org.postgresql.util.PSQLException: FATAL: password authentication failed for user "postgres"
]]></system-out>
  </testcase>
  <testcase name="DevolucaoRealizadaTest" classname="Controller.AluguelDAOTest" time="0.131">
    <error message="Cannot invoke &quot;java.sql.Connection.prepareStatement(String, int, int)&quot; because &quot;this.connection&quot; is null" type="java.lang.NullPointerException">java.lang.NullPointerException: Cannot invoke "java.sql.Connection.prepareStatement(String, int, int)" because "this.connection" is null
	at Controller.AluguelDAOTest.setCaminhosAluguel(AluguelDAOTest.java:66)
	at Controller.AluguelDAOTest.DevolucaoRealizadaTest(AluguelDAOTest.java:520)
</error>
    <system-out><![CDATA[Falha na conexao, comando sql = org.postgresql.util.PSQLException: FATAL: password authentication failed for user "postgres"
]]></system-out>
  </testcase>
  <testcase name="registroDuplo2Test" classname="Controller.AluguelDAOTest" time="0.029">
    <error message="Cannot invoke &quot;java.sql.Connection.prepareStatement(String, int, int)&quot; because &quot;this.connection&quot; is null" type="java.lang.NullPointerException">java.lang.NullPointerException: Cannot invoke "java.sql.Connection.prepareStatement(String, int, int)" because "this.connection" is null
	at Controller.AluguelDAOTest.setCaminhosAluguel(AluguelDAOTest.java:66)
	at Controller.AluguelDAOTest.registroDuplo2Test(AluguelDAOTest.java:285)
</error>
    <system-out><![CDATA[Falha na conexao, comando sql = org.postgresql.util.PSQLException: FATAL: password authentication failed for user "postgres"
]]></system-out>
  </testcase>
  <testcase name="pesquisaTabelaAluguelTest" classname="Controller.AluguelDAOTest" time="0.031">
    <error message="Cannot invoke &quot;java.sql.Connection.prepareStatement(String, int, int)&quot; because &quot;this.connection&quot; is null" type="java.lang.NullPointerException">java.lang.NullPointerException: Cannot invoke "java.sql.Connection.prepareStatement(String, int, int)" because "this.connection" is null
	at Controller.AluguelDAOTest.setCaminhosAluguel(AluguelDAOTest.java:66)
	at Controller.AluguelDAOTest.pesquisaTabelaAluguelTest(AluguelDAOTest.java:395)
</error>
    <system-out><![CDATA[Falha na conexao, comando sql = org.postgresql.util.PSQLException: FATAL: password authentication failed for user "postgres"
]]></system-out>
  </testcase>
  <testcase name="alterandoDataDevTest" classname="Controller.AluguelDAOTest" time="0.03">
    <error message="Cannot invoke &quot;java.sql.Connection.prepareStatement(String, int, int)&quot; because &quot;this.connection&quot; is null" type="java.lang.NullPointerException">java.lang.NullPointerException: Cannot invoke "java.sql.Connection.prepareStatement(String, int, int)" because "this.connection" is null
	at Controller.AluguelDAOTest.setCaminhosAluguel(AluguelDAOTest.java:66)
	at Controller.AluguelDAOTest.alterandoDataDevTest(AluguelDAOTest.java:345)
</error>
    <system-out><![CDATA[Falha na conexao, comando sql = org.postgresql.util.PSQLException: FATAL: password authentication failed for user "postgres"
]]></system-out>
  </testcase>
  <testcase name="DevolucaoNaoRealizadaTest" classname="Controller.AluguelDAOTest" time="0.14">
    <error message="Cannot invoke &quot;java.sql.Connection.prepareStatement(String, int, int)&quot; because &quot;this.connection&quot; is null" type="java.lang.NullPointerException">java.lang.NullPointerException: Cannot invoke "java.sql.Connection.prepareStatement(String, int, int)" because "this.connection" is null
	at Controller.AluguelDAOTest.setCaminhosAluguel(AluguelDAOTest.java:66)
	at Controller.AluguelDAOTest.DevolucaoNaoRealizadaTest(AluguelDAOTest.java:493)
</error>
    <system-out><![CDATA[Falha na conexao, comando sql = org.postgresql.util.PSQLException: FATAL: password authentication failed for user "postgres"
]]></system-out>
  </testcase>
  <testcase name="invalidoDataDevTest" classname="Controller.AluguelDAOTest" time="0.026">
    <error message="Cannot invoke &quot;java.sql.Connection.prepareStatement(String, int, int)&quot; because &quot;this.connection&quot; is null" type="java.lang.NullPointerException">java.lang.NullPointerException: Cannot invoke "java.sql.Connection.prepareStatement(String, int, int)" because "this.connection" is null
	at Controller.AluguelDAOTest.setCaminhosAluguel(AluguelDAOTest.java:66)
	at Controller.AluguelDAOTest.invalidoDataDevTest(AluguelDAOTest.java:320)
</error>
    <system-out><![CDATA[Falha na conexao, comando sql = org.postgresql.util.PSQLException: FATAL: password authentication failed for user "postgres"
]]></system-out>
  </testcase>
  <testcase name="pesquisaTabelaClienteTest" classname="Controller.AluguelDAOTest" time="0.028">
    <error message="Cannot invoke &quot;java.sql.Connection.prepareStatement(String, int, int)&quot; because &quot;this.connection&quot; is null" type="java.lang.NullPointerException">java.lang.NullPointerException: Cannot invoke "java.sql.Connection.prepareStatement(String, int, int)" because "this.connection" is null
	at Controller.AluguelDAOTest.setCaminhosAluguel(AluguelDAOTest.java:66)
	at Controller.AluguelDAOTest.pesquisaTabelaClienteTest(AluguelDAOTest.java:421)
</error>
    <system-out><![CDATA[Falha na conexao, comando sql = org.postgresql.util.PSQLException: FATAL: password authentication failed for user "postgres"
]]></system-out>
  </testcase>
  <testcase name="idInexistenteTest" classname="Controller.AluguelDAOTest" time="0.026">
    <error message="Cannot invoke &quot;java.sql.Connection.prepareStatement(String, int, int)&quot; because &quot;this.connection&quot; is null" type="java.lang.NullPointerException">java.lang.NullPointerException: Cannot invoke "java.sql.Connection.prepareStatement(String, int, int)" because "this.connection" is null
	at Controller.AluguelDAOTest.setCaminhosAluguel(AluguelDAOTest.java:66)
	at Controller.AluguelDAOTest.idInexistenteTest(AluguelDAOTest.java:474)
</error>
    <system-out><![CDATA[Falha na conexao, comando sql = org.postgresql.util.PSQLException: FATAL: password authentication failed for user "postgres"
]]></system-out>
  </testcase>
  <testcase name="alterandoDataAluguelTest" classname="Controller.AluguelDAOTest" time="0.028">
    <error message="Cannot invoke &quot;java.sql.Connection.prepareStatement(String, int, int)&quot; because &quot;this.connection&quot; is null" type="java.lang.NullPointerException">java.lang.NullPointerException: Cannot invoke "java.sql.Connection.prepareStatement(String, int, int)" because "this.connection" is null
	at Controller.AluguelDAOTest.setCaminhosAluguel(AluguelDAOTest.java:66)
	at Controller.AluguelDAOTest.alterandoDataAluguelTest(AluguelDAOTest.java:370)
</error>
    <system-out><![CDATA[Falha na conexao, comando sql = org.postgresql.util.PSQLException: FATAL: password authentication failed for user "postgres"
]]></system-out>
  </testcase>
  <testcase name="registroDuploTest" classname="Controller.AluguelDAOTest" time="0.027">
    <error message="Cannot invoke &quot;java.sql.Connection.prepareStatement(String, int, int)&quot; because &quot;this.connection&quot; is null" type="java.lang.NullPointerException">java.lang.NullPointerException: Cannot invoke "java.sql.Connection.prepareStatement(String, int, int)" because "this.connection" is null
	at Controller.AluguelDAOTest.setCaminhosAluguel(AluguelDAOTest.java:66)
	at Controller.AluguelDAOTest.registroDuploTest(AluguelDAOTest.java:252)
</error>
    <system-out><![CDATA[Falha na conexao, comando sql = org.postgresql.util.PSQLException: FATAL: password authentication failed for user "postgres"
]]></system-out>
  </testcase>
  <testcase name="pesquisaTabelaLivroTest" classname="Controller.AluguelDAOTest" time="0.03">
    <error message="Cannot invoke &quot;java.sql.Connection.prepareStatement(String, int, int)&quot; because &quot;this.connection&quot; is null" type="java.lang.NullPointerException">java.lang.NullPointerException: Cannot invoke "java.sql.Connection.prepareStatement(String, int, int)" because "this.connection" is null
	at Controller.AluguelDAOTest.setCaminhosAluguel(AluguelDAOTest.java:66)
	at Controller.AluguelDAOTest.pesquisaTabelaLivroTest(AluguelDAOTest.java:448)
</error>
    <system-out><![CDATA[Falha na conexao, comando sql = org.postgresql.util.PSQLException: FATAL: password authentication failed for user "postgres"
]]></system-out>
  </testcase>
  <testcase name="registroSimples2Test" classname="Controller.AluguelDAOTest" time="0.027">
    <error message="Cannot invoke &quot;java.sql.Connection.prepareStatement(String, int, int)&quot; because &quot;this.connection&quot; is null" type="java.lang.NullPointerException">java.lang.NullPointerException: Cannot invoke "java.sql.Connection.prepareStatement(String, int, int)" because "this.connection" is null
	at Controller.AluguelDAOTest.setCaminhosAluguel(AluguelDAOTest.java:66)
	at Controller.AluguelDAOTest.registroSimples2Test(AluguelDAOTest.java:167)
</error>
    <system-out><![CDATA[Falha na conexao, comando sql = org.postgresql.util.PSQLException: FATAL: password authentication failed for user "postgres"
]]></system-out>
  </testcase>
  <testcase name="registroSimples3Test" classname="Controller.AluguelDAOTest" time="0.032">
    <error message="Cannot invoke &quot;java.sql.Connection.prepareStatement(String, int, int)&quot; because &quot;this.connection&quot; is null" type="java.lang.NullPointerException">java.lang.NullPointerException: Cannot invoke "java.sql.Connection.prepareStatement(String, int, int)" because "this.connection" is null
	at Controller.AluguelDAOTest.setCaminhosAluguel(AluguelDAOTest.java:66)
	at Controller.AluguelDAOTest.registroSimples3Test(AluguelDAOTest.java:196)
</error>
    <system-out><![CDATA[Falha na conexao, comando sql = org.postgresql.util.PSQLException: FATAL: password authentication failed for user "postgres"
]]></system-out>
  </testcase>
  <testcase name="registroSimples4Test" classname="Controller.AluguelDAOTest" time="0.03">
    <error message="Cannot invoke &quot;java.sql.Connection.prepareStatement(String, int, int)&quot; because &quot;this.connection&quot; is null" type="java.lang.NullPointerException">java.lang.NullPointerException: Cannot invoke "java.sql.Connection.prepareStatement(String, int, int)" because "this.connection" is null
	at Controller.AluguelDAOTest.setCaminhosAluguel(AluguelDAOTest.java:66)
	at Controller.AluguelDAOTest.registroSimples4Test(AluguelDAOTest.java:225)
</error>
    <system-out><![CDATA[Falha na conexao, comando sql = org.postgresql.util.PSQLException: FATAL: password authentication failed for user "postgres"
]]></system-out>
  </testcase>
  <testcase name="registroSimplesTest" classname="Controller.AluguelDAOTest" time="0.034">
    <error message="Cannot invoke &quot;java.sql.Connection.prepareStatement(String, int, int)&quot; because &quot;this.connection&quot; is null" type="java.lang.NullPointerException">java.lang.NullPointerException: Cannot invoke "java.sql.Connection.prepareStatement(String, int, int)" because "this.connection" is null
	at Controller.AluguelDAOTest.setCaminhosAluguel(AluguelDAOTest.java:66)
	at Controller.AluguelDAOTest.registroSimplesTest(AluguelDAOTest.java:140)
</error>
    <system-out><![CDATA[Falha na conexao, comando sql = org.postgresql.util.PSQLException: FATAL: password authentication failed for user "postgres"
]]></system-out>
  </testcase>
</testsuite>